D:\! Programming !\EastFront\trunk\src\ui\Debug\bg_campaign.obj
D:\! Programming !\EastFront\trunk\src\ui\Debug\bg_campaign.sbr
D:\! Programming !\EastFront\trunk\src\ui\Debug\bg_classes.obj
D:\! Programming !\EastFront\trunk\src\ui\Debug\bg_classes.sbr
D:\! Programming !\EastFront\trunk\src\ui\Debug\bg_malloc.obj
D:\! Programming !\EastFront\trunk\src\ui\Debug\bg_malloc.sbr
D:\! Programming !\EastFront\trunk\src\ui\Debug\bg_misc.obj
D:\! Programming !\EastFront\trunk\src\ui\Debug\bg_misc.sbr
D:\! Programming !\EastFront\trunk\src\ui\Debug\BscMake.command.1.tlog
D:\! Programming !\EastFront\trunk\src\ui\Debug\bscmake.read.1.tlog
D:\! Programming !\EastFront\trunk\src\ui\Debug\bscmake.write.1.tlog
D:\! Programming !\EastFront\trunk\src\ui\Debug\cg_musicengine.obj
D:\! Programming !\EastFront\trunk\src\ui\Debug\cg_musicengine.sbr
D:\! Programming !\EastFront\trunk\src\ui\Debug\CL.4812.read.1.tlog
D:\! Programming !\EastFront\trunk\src\ui\Debug\CL.4812.write.1.tlog
D:\! Programming !\EastFront\trunk\src\ui\Debug\CL.6112.read.1.tlog
D:\! Programming !\EastFront\trunk\src\ui\Debug\CL.6112.write.1.tlog
D:\! Programming !\EastFront\trunk\src\ui\Debug\CL.6884.read.1.tlog
D:\! Programming !\EastFront\trunk\src\ui\Debug\CL.6884.write.1.tlog
D:\! Programming !\EastFront\trunk\src\ui\Debug\CL.7016.read.1.tlog
D:\! Programming !\EastFront\trunk\src\ui\Debug\CL.7016.write.1.tlog
D:\! Programming !\EastFront\trunk\src\ui\Debug\cl.command.1.tlog
D:\! Programming !\EastFront\trunk\src\ui\Debug\CL.read.1.tlog
D:\! Programming !\EastFront\trunk\src\ui\Debug\cl.write.1.tlog
D:\! Programming !\EastFront\trunk\src\ui\Debug\link.command.1.tlog
D:\! Programming !\EastFront\trunk\src\ui\Debug\link.read.1.tlog
D:\! Programming !\EastFront\trunk\src\ui\Debug\link.write.1.tlog
D:\! Programming !\EastFront\trunk\src\ui\Debug\mt.command.1.tlog
D:\! Programming !\EastFront\trunk\src\ui\Debug\mt.read.1.tlog
D:\! Programming !\EastFront\trunk\src\ui\Debug\mt.write.1.tlog
D:\! Programming !\EastFront\trunk\src\ui\Debug\q_math.obj
D:\! Programming !\EastFront\trunk\src\ui\Debug\q_math.sbr
D:\! Programming !\EastFront\trunk\src\ui\Debug\q_shared.obj
D:\! Programming !\EastFront\trunk\src\ui\Debug\q_shared.sbr
D:\! Programming !\EastFront\trunk\src\ui\Debug\ui.write.1.tlog
D:\! Programming !\EastFront\trunk\src\ui\Debug\ui_atoms.obj
D:\! Programming !\EastFront\trunk\src\ui\Debug\ui_atoms.sbr
D:\! Programming !\EastFront\trunk\src\ui\Debug\ui_gameinfo.obj
D:\! Programming !\EastFront\trunk\src\ui\Debug\ui_gameinfo.sbr
D:\! Programming !\EastFront\trunk\src\ui\Debug\ui_loadpanel.obj
D:\! Programming !\EastFront\trunk\src\ui\Debug\ui_loadpanel.sbr
D:\! Programming !\EastFront\trunk\src\ui\Debug\ui_main.obj
D:\! Programming !\EastFront\trunk\src\ui\Debug\ui_main.sbr
D:\! Programming !\EastFront\trunk\src\ui\Debug\ui_players.obj
D:\! Programming !\EastFront\trunk\src\ui\Debug\ui_players.sbr
D:\! Programming !\EastFront\trunk\src\ui\Debug\ui_shared.obj
D:\! Programming !\EastFront\trunk\src\ui\Debug\ui_shared.sbr
D:\! Programming !\EastFront\trunk\src\ui\Debug\ui_syscalls.obj
D:\! Programming !\EastFront\trunk\src\ui\Debug\ui_syscalls.sbr
D:\! Programming !\EastFront\trunk\src\ui\Debug\ui_util.obj
D:\! Programming !\EastFront\trunk\src\ui\Debug\ui_util.sbr
D:\! Programming !\EastFront\trunk\src\ui\Debug\vc100.idb
D:\PROGRAMMING\EASTFRONT\TRUNK\SRC\DEBUG\UI.PDB
D:\PROGRAMMING\EASTFRONT\TRUNK\SRC\DEBUG\UI_MP_X86.DLL
D:\PROGRAMMING\EASTFRONT\TRUNK\SRC\UI\DEBUG\UI.BSC
D:\PROGRAMMING\EASTFRONT\TRUNK\SRC\UI\DEBUG\UI.DLL.INTERMEDIATE.MANIFEST
D:\Programming\EastFront\trunk\src\ui\Debug\ui_mp_x86.exp
D:\Programming\EastFront\trunk\src\ui\Debug\ui_mp_x86.lib
D:\PROGRAMMING\EASTFRONT\TRUNK\SRC\UI\DEBUG\UI_MP_X86.MAP
D:\PROGRAMMING\EASTFRONT\TRUNK\SRC\UI\DEBUG\VC100.PDB
