D:\! Programming !\EastFront\trunk\src\cgame\Debug\bg_animation.obj
D:\! Programming !\EastFront\trunk\src\cgame\Debug\bg_animation.sbr
D:\! Programming !\EastFront\trunk\src\cgame\Debug\bg_animgroup.obj
D:\! Programming !\EastFront\trunk\src\cgame\Debug\bg_animgroup.sbr
D:\! Programming !\EastFront\trunk\src\cgame\Debug\bg_campaign.obj
D:\! Programming !\EastFront\trunk\src\cgame\Debug\bg_campaign.sbr
D:\! Programming !\EastFront\trunk\src\cgame\Debug\bg_character.obj
D:\! Programming !\EastFront\trunk\src\cgame\Debug\bg_character.sbr
D:\! Programming !\EastFront\trunk\src\cgame\Debug\bg_classes.obj
D:\! Programming !\EastFront\trunk\src\cgame\Debug\bg_classes.sbr
D:\! Programming !\EastFront\trunk\src\cgame\Debug\bg_malloc.obj
D:\! Programming !\EastFront\trunk\src\cgame\Debug\bg_malloc.sbr
D:\! Programming !\EastFront\trunk\src\cgame\Debug\bg_misc.obj
D:\! Programming !\EastFront\trunk\src\cgame\Debug\bg_misc.sbr
D:\! Programming !\EastFront\trunk\src\cgame\Debug\bg_pmove.obj
D:\! Programming !\EastFront\trunk\src\cgame\Debug\bg_pmove.sbr
D:\! Programming !\EastFront\trunk\src\cgame\Debug\bg_slidemove.obj
D:\! Programming !\EastFront\trunk\src\cgame\Debug\bg_slidemove.sbr
D:\! Programming !\EastFront\trunk\src\cgame\Debug\bg_sscript.obj
D:\! Programming !\EastFront\trunk\src\cgame\Debug\bg_sscript.sbr
D:\! Programming !\EastFront\trunk\src\cgame\Debug\bg_stats.obj
D:\! Programming !\EastFront\trunk\src\cgame\Debug\bg_stats.sbr
D:\! Programming !\EastFront\trunk\src\cgame\Debug\bg_tracemap.obj
D:\! Programming !\EastFront\trunk\src\cgame\Debug\bg_tracemap.sbr
D:\! Programming !\EastFront\trunk\src\cgame\Debug\BscMake.command.1.tlog
D:\! Programming !\EastFront\trunk\src\cgame\Debug\bscmake.read.1.tlog
D:\! Programming !\EastFront\trunk\src\cgame\Debug\bscmake.write.1.tlog
D:\! Programming !\EastFront\trunk\src\cgame\Debug\cg_ai_fireteam.obj
D:\! Programming !\EastFront\trunk\src\cgame\Debug\cg_ai_fireteam.sbr
D:\! Programming !\EastFront\trunk\src\cgame\Debug\cg_atmospheric.obj
D:\! Programming !\EastFront\trunk\src\cgame\Debug\cg_atmospheric.sbr
D:\! Programming !\EastFront\trunk\src\cgame\Debug\cg_attachment.obj
D:\! Programming !\EastFront\trunk\src\cgame\Debug\cg_attachment.sbr
D:\! Programming !\EastFront\trunk\src\cgame\Debug\cg_character.obj
D:\! Programming !\EastFront\trunk\src\cgame\Debug\cg_character.sbr
D:\! Programming !\EastFront\trunk\src\cgame\Debug\cg_commandmap.obj
D:\! Programming !\EastFront\trunk\src\cgame\Debug\cg_commandmap.sbr
D:\! Programming !\EastFront\trunk\src\cgame\Debug\cg_consolecmds.obj
D:\! Programming !\EastFront\trunk\src\cgame\Debug\cg_consolecmds.sbr
D:\! Programming !\EastFront\trunk\src\cgame\Debug\cg_debriefing.obj
D:\! Programming !\EastFront\trunk\src\cgame\Debug\cg_debriefing.sbr
D:\! Programming !\EastFront\trunk\src\cgame\Debug\cg_draw.obj
D:\! Programming !\EastFront\trunk\src\cgame\Debug\cg_draw.sbr
D:\! Programming !\EastFront\trunk\src\cgame\Debug\cg_drawtools.obj
D:\! Programming !\EastFront\trunk\src\cgame\Debug\cg_drawtools.sbr
D:\! Programming !\EastFront\trunk\src\cgame\Debug\cg_effects.obj
D:\! Programming !\EastFront\trunk\src\cgame\Debug\cg_effects.sbr
D:\! Programming !\EastFront\trunk\src\cgame\Debug\cg_ents.obj
D:\! Programming !\EastFront\trunk\src\cgame\Debug\cg_ents.sbr
D:\! Programming !\EastFront\trunk\src\cgame\Debug\cg_event.obj
D:\! Programming !\EastFront\trunk\src\cgame\Debug\cg_event.sbr
D:\! Programming !\EastFront\trunk\src\cgame\Debug\cg_fireteamoverlay.obj
D:\! Programming !\EastFront\trunk\src\cgame\Debug\cg_fireteamoverlay.sbr
D:\! Programming !\EastFront\trunk\src\cgame\Debug\cg_fireteams.obj
D:\! Programming !\EastFront\trunk\src\cgame\Debug\cg_fireteams.sbr
D:\! Programming !\EastFront\trunk\src\cgame\Debug\cg_flamethrower.obj
D:\! Programming !\EastFront\trunk\src\cgame\Debug\cg_flamethrower.sbr
D:\! Programming !\EastFront\trunk\src\cgame\Debug\cg_hud.obj
D:\! Programming !\EastFront\trunk\src\cgame\Debug\cg_hud.sbr
D:\! Programming !\EastFront\trunk\src\cgame\Debug\cg_info.obj
D:\! Programming !\EastFront\trunk\src\cgame\Debug\cg_info.sbr
D:\! Programming !\EastFront\trunk\src\cgame\Debug\cg_limbopanel.obj
D:\! Programming !\EastFront\trunk\src\cgame\Debug\cg_limbopanel.sbr
D:\! Programming !\EastFront\trunk\src\cgame\Debug\cg_loadpanel.obj
D:\! Programming !\EastFront\trunk\src\cgame\Debug\cg_loadpanel.sbr
D:\! Programming !\EastFront\trunk\src\cgame\Debug\cg_localents.obj
D:\! Programming !\EastFront\trunk\src\cgame\Debug\cg_localents.sbr
D:\! Programming !\EastFront\trunk\src\cgame\Debug\cg_main.obj
D:\! Programming !\EastFront\trunk\src\cgame\Debug\cg_main.sbr
D:\! Programming !\EastFront\trunk\src\cgame\Debug\cg_marks.obj
D:\! Programming !\EastFront\trunk\src\cgame\Debug\cg_marks.sbr
D:\! Programming !\EastFront\trunk\src\cgame\Debug\cg_missionbriefing.obj
D:\! Programming !\EastFront\trunk\src\cgame\Debug\cg_missionbriefing.sbr
D:\! Programming !\EastFront\trunk\src\cgame\Debug\cg_multiview.obj
D:\! Programming !\EastFront\trunk\src\cgame\Debug\cg_multiview.sbr
D:\! Programming !\EastFront\trunk\src\cgame\Debug\cg_musicengine.obj
D:\! Programming !\EastFront\trunk\src\cgame\Debug\cg_musicengine.sbr
D:\! Programming !\EastFront\trunk\src\cgame\Debug\cg_newDraw.obj
D:\! Programming !\EastFront\trunk\src\cgame\Debug\cg_newDraw.sbr
D:\! Programming !\EastFront\trunk\src\cgame\Debug\cg_npc.obj
D:\! Programming !\EastFront\trunk\src\cgame\Debug\cg_npc.sbr
D:\! Programming !\EastFront\trunk\src\cgame\Debug\cg_om_flagsys.obj
D:\! Programming !\EastFront\trunk\src\cgame\Debug\cg_om_flagsys.sbr
D:\! Programming !\EastFront\trunk\src\cgame\Debug\cg_particles.obj
D:\! Programming !\EastFront\trunk\src\cgame\Debug\cg_particles.sbr
D:\! Programming !\EastFront\trunk\src\cgame\Debug\cg_particlesys.obj
D:\! Programming !\EastFront\trunk\src\cgame\Debug\cg_particlesys.sbr
D:\! Programming !\EastFront\trunk\src\cgame\Debug\cg_particlesys_trails.obj
D:\! Programming !\EastFront\trunk\src\cgame\Debug\cg_particlesys_trails.sbr
D:\! Programming !\EastFront\trunk\src\cgame\Debug\cg_players.obj
D:\! Programming !\EastFront\trunk\src\cgame\Debug\cg_players.sbr
D:\! Programming !\EastFront\trunk\src\cgame\Debug\cg_playerstate.obj
D:\! Programming !\EastFront\trunk\src\cgame\Debug\cg_playerstate.sbr
D:\! Programming !\EastFront\trunk\src\cgame\Debug\cg_polybus.obj
D:\! Programming !\EastFront\trunk\src\cgame\Debug\cg_polybus.sbr
D:\! Programming !\EastFront\trunk\src\cgame\Debug\cg_popupmessages.obj
D:\! Programming !\EastFront\trunk\src\cgame\Debug\cg_popupmessages.sbr
D:\! Programming !\EastFront\trunk\src\cgame\Debug\cg_predict.obj
D:\! Programming !\EastFront\trunk\src\cgame\Debug\cg_predict.sbr
D:\! Programming !\EastFront\trunk\src\cgame\Debug\cg_scoreboard.obj
D:\! Programming !\EastFront\trunk\src\cgame\Debug\cg_scoreboard.sbr
D:\! Programming !\EastFront\trunk\src\cgame\Debug\cg_servercmds.obj
D:\! Programming !\EastFront\trunk\src\cgame\Debug\cg_servercmds.sbr
D:\! Programming !\EastFront\trunk\src\cgame\Debug\cg_snapshot.obj
D:\! Programming !\EastFront\trunk\src\cgame\Debug\cg_snapshot.sbr
D:\! Programming !\EastFront\trunk\src\cgame\Debug\cg_sound.obj
D:\! Programming !\EastFront\trunk\src\cgame\Debug\cg_sound.sbr
D:\! Programming !\EastFront\trunk\src\cgame\Debug\cg_spawn.obj
D:\! Programming !\EastFront\trunk\src\cgame\Debug\cg_spawn.sbr
D:\! Programming !\EastFront\trunk\src\cgame\Debug\cg_statsranksmedals.obj
D:\! Programming !\EastFront\trunk\src\cgame\Debug\cg_statsranksmedals.sbr
D:\! Programming !\EastFront\trunk\src\cgame\Debug\cg_syscalls.obj
D:\! Programming !\EastFront\trunk\src\cgame\Debug\cg_syscalls.sbr
D:\! Programming !\EastFront\trunk\src\cgame\Debug\cg_tags.obj
D:\! Programming !\EastFront\trunk\src\cgame\Debug\cg_tags.sbr
D:\! Programming !\EastFront\trunk\src\cgame\Debug\cg_trails.obj
D:\! Programming !\EastFront\trunk\src\cgame\Debug\cg_trails.sbr
D:\! Programming !\EastFront\trunk\src\cgame\Debug\cg_unique_autowaypoint.obj
D:\! Programming !\EastFront\trunk\src\cgame\Debug\cg_unique_autowaypoint.sbr
D:\! Programming !\EastFront\trunk\src\cgame\Debug\cg_unique_entities.obj
D:\! Programming !\EastFront\trunk\src\cgame\Debug\cg_unique_entities.sbr
D:\! Programming !\EastFront\trunk\src\cgame\Debug\cg_view.obj
D:\! Programming !\EastFront\trunk\src\cgame\Debug\cg_view.sbr
D:\! Programming !\EastFront\trunk\src\cgame\Debug\cg_weapons.obj
D:\! Programming !\EastFront\trunk\src\cgame\Debug\cg_weapons.sbr
D:\! Programming !\EastFront\trunk\src\cgame\Debug\cg_window.obj
D:\! Programming !\EastFront\trunk\src\cgame\Debug\cg_window.sbr
D:\! Programming !\EastFront\trunk\src\cgame\Debug\cgame.write.1.tlog
D:\! Programming !\EastFront\trunk\src\cgame\Debug\CL.2548.read.1.tlog
D:\! Programming !\EastFront\trunk\src\cgame\Debug\CL.2548.write.1.tlog
D:\! Programming !\EastFront\trunk\src\cgame\Debug\CL.5188.read.1.tlog
D:\! Programming !\EastFront\trunk\src\cgame\Debug\CL.5188.write.1.tlog
D:\! Programming !\EastFront\trunk\src\cgame\Debug\CL.7176.read.1.tlog
D:\! Programming !\EastFront\trunk\src\cgame\Debug\CL.7176.write.1.tlog
D:\! Programming !\EastFront\trunk\src\cgame\Debug\CL.7184.read.1.tlog
D:\! Programming !\EastFront\trunk\src\cgame\Debug\CL.7184.write.1.tlog
D:\! Programming !\EastFront\trunk\src\cgame\Debug\cl.command.1.tlog
D:\! Programming !\EastFront\trunk\src\cgame\Debug\CL.read.1.tlog
D:\! Programming !\EastFront\trunk\src\cgame\Debug\cl.write.1.tlog
D:\! Programming !\EastFront\trunk\src\cgame\Debug\g_mem.obj
D:\! Programming !\EastFront\trunk\src\cgame\Debug\g_mem.sbr
D:\! Programming !\EastFront\trunk\src\cgame\Debug\link.command.1.tlog
D:\! Programming !\EastFront\trunk\src\cgame\Debug\link.read.1.tlog
D:\! Programming !\EastFront\trunk\src\cgame\Debug\link.write.1.tlog
D:\! Programming !\EastFront\trunk\src\cgame\Debug\link-cvtres.read.1.tlog
D:\! Programming !\EastFront\trunk\src\cgame\Debug\link-cvtres.write.1.tlog
D:\! Programming !\EastFront\trunk\src\cgame\Debug\mt.command.1.tlog
D:\! Programming !\EastFront\trunk\src\cgame\Debug\mt.read.1.tlog
D:\! Programming !\EastFront\trunk\src\cgame\Debug\mt.write.1.tlog
D:\! Programming !\EastFront\trunk\src\cgame\Debug\q_math.obj
D:\! Programming !\EastFront\trunk\src\cgame\Debug\q_math.sbr
D:\! Programming !\EastFront\trunk\src\cgame\Debug\q_shared.obj
D:\! Programming !\EastFront\trunk\src\cgame\Debug\q_shared.sbr
D:\! Programming !\EastFront\trunk\src\cgame\Debug\rc.command.1.tlog
D:\! Programming !\EastFront\trunk\src\cgame\Debug\rc.read.1.tlog
D:\! Programming !\EastFront\trunk\src\cgame\Debug\rc.write.1.tlog
D:\! Programming !\EastFront\trunk\src\cgame\Debug\ui_shared.obj
D:\! Programming !\EastFront\trunk\src\cgame\Debug\ui_shared.sbr
D:\! Programming !\EastFront\trunk\src\cgame\Debug\unique_mem.obj
D:\! Programming !\EastFront\trunk\src\cgame\Debug\unique_mem.sbr
D:\! Programming !\EastFront\trunk\src\cgame\Debug\vc100.idb
D:\PROGRAMMING\EASTFRONT\TRUNK\SRC\CGAME\DEBUG\CGAME.BSC
D:\PROGRAMMING\EASTFRONT\TRUNK\SRC\CGAME\DEBUG\CGAME.DLL.INTERMEDIATE.MANIFEST
D:\Programming\EastFront\trunk\src\cgame\Debug\cgame_mp_x86.exp
D:\Programming\EastFront\trunk\src\cgame\Debug\cgame_mp_x86.lib
D:\PROGRAMMING\EASTFRONT\TRUNK\SRC\CGAME\DEBUG\LOADNGET.RES
D:\PROGRAMMING\EASTFRONT\TRUNK\SRC\CGAME\DEBUG\VC100.PDB
D:\PROGRAMMING\EASTFRONT\TRUNK\SRC\DEBUG\CGAME_MP_X86.DLL
D:\PROGRAMMING\EASTFRONT\TRUNK\SRC\DEBUG\CGAME_MP_X86.MAP
D:\PROGRAMMING\EASTFRONT\TRUNK\SRC\DEBUG\CGAME_MP_X86.PDB
