D:\! Programming !\EastFront\trunk\src\game\Debug\ai_cast.obj
D:\! Programming !\EastFront\trunk\src\game\Debug\ai_cast.sbr
D:\! Programming !\EastFront\trunk\src\game\Debug\ai_cast_characters.obj
D:\! Programming !\EastFront\trunk\src\game\Debug\ai_cast_characters.sbr
D:\! Programming !\EastFront\trunk\src\game\Debug\ai_cast_events.obj
D:\! Programming !\EastFront\trunk\src\game\Debug\ai_cast_events.sbr
D:\! Programming !\EastFront\trunk\src\game\Debug\ai_cast_fight.obj
D:\! Programming !\EastFront\trunk\src\game\Debug\ai_cast_fight.sbr
D:\! Programming !\EastFront\trunk\src\game\Debug\ai_cast_func_attack.obj
D:\! Programming !\EastFront\trunk\src\game\Debug\ai_cast_func_attack.sbr
D:\! Programming !\EastFront\trunk\src\game\Debug\ai_cast_func_boss1.obj
D:\! Programming !\EastFront\trunk\src\game\Debug\ai_cast_func_boss1.sbr
D:\! Programming !\EastFront\trunk\src\game\Debug\ai_cast_funcs.obj
D:\! Programming !\EastFront\trunk\src\game\Debug\ai_cast_funcs.sbr
D:\! Programming !\EastFront\trunk\src\game\Debug\ai_cast_script.obj
D:\! Programming !\EastFront\trunk\src\game\Debug\ai_cast_script.sbr
D:\! Programming !\EastFront\trunk\src\game\Debug\ai_cast_sight.obj
D:\! Programming !\EastFront\trunk\src\game\Debug\ai_cast_sight.sbr
D:\! Programming !\EastFront\trunk\src\game\Debug\ai_cast_think.obj
D:\! Programming !\EastFront\trunk\src\game\Debug\ai_cast_think.sbr
D:\! Programming !\EastFront\trunk\src\game\Debug\ai_cmd.obj
D:\! Programming !\EastFront\trunk\src\game\Debug\ai_cmd.sbr
D:\! Programming !\EastFront\trunk\src\game\Debug\ai_dmgoal_mp.obj
D:\! Programming !\EastFront\trunk\src\game\Debug\ai_dmgoal_mp.sbr
D:\! Programming !\EastFront\trunk\src\game\Debug\ai_dmnet_mp.obj
D:\! Programming !\EastFront\trunk\src\game\Debug\ai_dmnet_mp.sbr
D:\! Programming !\EastFront\trunk\src\game\Debug\ai_dmq3.obj
D:\! Programming !\EastFront\trunk\src\game\Debug\ai_dmq3.sbr
D:\! Programming !\EastFront\trunk\src\game\Debug\ai_main.obj
D:\! Programming !\EastFront\trunk\src\game\Debug\ai_main.sbr
D:\! Programming !\EastFront\trunk\src\game\Debug\ai_script.obj
D:\! Programming !\EastFront\trunk\src\game\Debug\ai_script.sbr
D:\! Programming !\EastFront\trunk\src\game\Debug\ai_script_actions.obj
D:\! Programming !\EastFront\trunk\src\game\Debug\ai_script_actions.sbr
D:\! Programming !\EastFront\trunk\src\game\Debug\ai_team.obj
D:\! Programming !\EastFront\trunk\src\game\Debug\ai_team.sbr
D:\! Programming !\EastFront\trunk\src\game\Debug\bg_animation.obj
D:\! Programming !\EastFront\trunk\src\game\Debug\bg_animation.sbr
D:\! Programming !\EastFront\trunk\src\game\Debug\bg_animgroup.obj
D:\! Programming !\EastFront\trunk\src\game\Debug\bg_animgroup.sbr
D:\! Programming !\EastFront\trunk\src\game\Debug\bg_campaign.obj
D:\! Programming !\EastFront\trunk\src\game\Debug\bg_campaign.sbr
D:\! Programming !\EastFront\trunk\src\game\Debug\bg_character.obj
D:\! Programming !\EastFront\trunk\src\game\Debug\bg_character.sbr
D:\! Programming !\EastFront\trunk\src\game\Debug\bg_classes.obj
D:\! Programming !\EastFront\trunk\src\game\Debug\bg_classes.sbr
D:\! Programming !\EastFront\trunk\src\game\Debug\bg_malloc.obj
D:\! Programming !\EastFront\trunk\src\game\Debug\bg_malloc.sbr
D:\! Programming !\EastFront\trunk\src\game\Debug\bg_misc.obj
D:\! Programming !\EastFront\trunk\src\game\Debug\bg_misc.sbr
D:\! Programming !\EastFront\trunk\src\game\Debug\bg_pmove.obj
D:\! Programming !\EastFront\trunk\src\game\Debug\bg_pmove.sbr
D:\! Programming !\EastFront\trunk\src\game\Debug\bg_slidemove.obj
D:\! Programming !\EastFront\trunk\src\game\Debug\bg_slidemove.sbr
D:\! Programming !\EastFront\trunk\src\game\Debug\bg_sscript.obj
D:\! Programming !\EastFront\trunk\src\game\Debug\bg_sscript.sbr
D:\! Programming !\EastFront\trunk\src\game\Debug\bg_stats.obj
D:\! Programming !\EastFront\trunk\src\game\Debug\bg_stats.sbr
D:\! Programming !\EastFront\trunk\src\game\Debug\bg_tracemap.obj
D:\! Programming !\EastFront\trunk\src\game\Debug\bg_tracemap.sbr
D:\! Programming !\EastFront\trunk\src\game\Debug\BscMake.command.1.tlog
D:\! Programming !\EastFront\trunk\src\game\Debug\bscmake.read.1.tlog
D:\! Programming !\EastFront\trunk\src\game\Debug\bscmake.write.1.tlog
D:\! Programming !\EastFront\trunk\src\game\Debug\CL.5756.read.1.tlog
D:\! Programming !\EastFront\trunk\src\game\Debug\CL.5756.write.1.tlog
D:\! Programming !\EastFront\trunk\src\game\Debug\CL.6104.read.1.tlog
D:\! Programming !\EastFront\trunk\src\game\Debug\CL.6104.write.1.tlog
D:\! Programming !\EastFront\trunk\src\game\Debug\CL.6948.read.1.tlog
D:\! Programming !\EastFront\trunk\src\game\Debug\CL.6948.write.1.tlog
D:\! Programming !\EastFront\trunk\src\game\Debug\CL.7056.read.1.tlog
D:\! Programming !\EastFront\trunk\src\game\Debug\CL.7056.write.1.tlog
D:\! Programming !\EastFront\trunk\src\game\Debug\cl.command.1.tlog
D:\! Programming !\EastFront\trunk\src\game\Debug\CL.read.1.tlog
D:\! Programming !\EastFront\trunk\src\game\Debug\cl.write.1.tlog
D:\! Programming !\EastFront\trunk\src\game\Debug\etpro_mdx.obj
D:\! Programming !\EastFront\trunk\src\game\Debug\etpro_mdx.sbr
D:\! Programming !\EastFront\trunk\src\game\Debug\g_active.obj
D:\! Programming !\EastFront\trunk\src\game\Debug\g_active.sbr
D:\! Programming !\EastFront\trunk\src\game\Debug\g_alarm.obj
D:\! Programming !\EastFront\trunk\src\game\Debug\g_alarm.sbr
D:\! Programming !\EastFront\trunk\src\game\Debug\g_antilag.obj
D:\! Programming !\EastFront\trunk\src\game\Debug\g_antilag.sbr
D:\! Programming !\EastFront\trunk\src\game\Debug\g_bot.obj
D:\! Programming !\EastFront\trunk\src\game\Debug\g_bot.sbr
D:\! Programming !\EastFront\trunk\src\game\Debug\g_buddy_list.obj
D:\! Programming !\EastFront\trunk\src\game\Debug\g_buddy_list.sbr
D:\! Programming !\EastFront\trunk\src\game\Debug\g_character.obj
D:\! Programming !\EastFront\trunk\src\game\Debug\g_character.sbr
D:\! Programming !\EastFront\trunk\src\game\Debug\g_client.obj
D:\! Programming !\EastFront\trunk\src\game\Debug\g_client.sbr
D:\! Programming !\EastFront\trunk\src\game\Debug\g_cmds.obj
D:\! Programming !\EastFront\trunk\src\game\Debug\g_cmds.sbr
D:\! Programming !\EastFront\trunk\src\game\Debug\g_cmds_ext.obj
D:\! Programming !\EastFront\trunk\src\game\Debug\g_cmds_ext.sbr
D:\! Programming !\EastFront\trunk\src\game\Debug\g_combat.obj
D:\! Programming !\EastFront\trunk\src\game\Debug\g_combat.sbr
D:\! Programming !\EastFront\trunk\src\game\Debug\g_config.obj
D:\! Programming !\EastFront\trunk\src\game\Debug\g_config.sbr
D:\! Programming !\EastFront\trunk\src\game\Debug\g_crash.obj
D:\! Programming !\EastFront\trunk\src\game\Debug\g_crash.sbr
D:\! Programming !\EastFront\trunk\src\game\Debug\g_fireteams.obj
D:\! Programming !\EastFront\trunk\src\game\Debug\g_fireteams.sbr
D:\! Programming !\EastFront\trunk\src\game\Debug\g_items.obj
D:\! Programming !\EastFront\trunk\src\game\Debug\g_items.sbr
D:\! Programming !\EastFront\trunk\src\game\Debug\g_main.obj
D:\! Programming !\EastFront\trunk\src\game\Debug\g_main.sbr
D:\! Programming !\EastFront\trunk\src\game\Debug\g_match.obj
D:\! Programming !\EastFront\trunk\src\game\Debug\g_match.sbr
D:\! Programming !\EastFront\trunk\src\game\Debug\g_mem.obj
D:\! Programming !\EastFront\trunk\src\game\Debug\g_mem.sbr
D:\! Programming !\EastFront\trunk\src\game\Debug\g_misc.obj
D:\! Programming !\EastFront\trunk\src\game\Debug\g_misc.sbr
D:\! Programming !\EastFront\trunk\src\game\Debug\g_missile.obj
D:\! Programming !\EastFront\trunk\src\game\Debug\g_missile.sbr
D:\! Programming !\EastFront\trunk\src\game\Debug\g_mover.obj
D:\! Programming !\EastFront\trunk\src\game\Debug\g_mover.sbr
D:\! Programming !\EastFront\trunk\src\game\Debug\g_multiview.obj
D:\! Programming !\EastFront\trunk\src\game\Debug\g_multiview.sbr
D:\! Programming !\EastFront\trunk\src\game\Debug\g_props.obj
D:\! Programming !\EastFront\trunk\src\game\Debug\g_props.sbr
D:\! Programming !\EastFront\trunk\src\game\Debug\g_referee.obj
D:\! Programming !\EastFront\trunk\src\game\Debug\g_referee.sbr
D:\! Programming !\EastFront\trunk\src\game\Debug\g_save.obj
D:\! Programming !\EastFront\trunk\src\game\Debug\g_save.sbr
D:\! Programming !\EastFront\trunk\src\game\Debug\g_script.obj
D:\! Programming !\EastFront\trunk\src\game\Debug\g_script.sbr
D:\! Programming !\EastFront\trunk\src\game\Debug\g_script_actions.obj
D:\! Programming !\EastFront\trunk\src\game\Debug\g_script_actions.sbr
D:\! Programming !\EastFront\trunk\src\game\Debug\g_session.obj
D:\! Programming !\EastFront\trunk\src\game\Debug\g_session.sbr
D:\! Programming !\EastFront\trunk\src\game\Debug\g_shrubbot.obj
D:\! Programming !\EastFront\trunk\src\game\Debug\g_shrubbot.sbr
D:\! Programming !\EastFront\trunk\src\game\Debug\g_spawn.obj
D:\! Programming !\EastFront\trunk\src\game\Debug\g_spawn.sbr
D:\! Programming !\EastFront\trunk\src\game\Debug\g_stats.obj
D:\! Programming !\EastFront\trunk\src\game\Debug\g_stats.sbr
D:\! Programming !\EastFront\trunk\src\game\Debug\g_sv_entities.obj
D:\! Programming !\EastFront\trunk\src\game\Debug\g_sv_entities.sbr
D:\! Programming !\EastFront\trunk\src\game\Debug\g_svcmds.obj
D:\! Programming !\EastFront\trunk\src\game\Debug\g_svcmds.sbr
D:\! Programming !\EastFront\trunk\src\game\Debug\g_syscalls.obj
D:\! Programming !\EastFront\trunk\src\game\Debug\g_syscalls.sbr
D:\! Programming !\EastFront\trunk\src\game\Debug\g_systemmsg.obj
D:\! Programming !\EastFront\trunk\src\game\Debug\g_systemmsg.sbr
D:\! Programming !\EastFront\trunk\src\game\Debug\g_target.obj
D:\! Programming !\EastFront\trunk\src\game\Debug\g_target.sbr
D:\! Programming !\EastFront\trunk\src\game\Debug\g_team.obj
D:\! Programming !\EastFront\trunk\src\game\Debug\g_team.sbr
D:\! Programming !\EastFront\trunk\src\game\Debug\g_teammapdata.obj
D:\! Programming !\EastFront\trunk\src\game\Debug\g_teammapdata.sbr
D:\! Programming !\EastFront\trunk\src\game\Debug\g_trigger.obj
D:\! Programming !\EastFront\trunk\src\game\Debug\g_trigger.sbr
D:\! Programming !\EastFront\trunk\src\game\Debug\g_unique_entities.obj
D:\! Programming !\EastFront\trunk\src\game\Debug\g_unique_entities.sbr
D:\! Programming !\EastFront\trunk\src\game\Debug\g_utils.obj
D:\! Programming !\EastFront\trunk\src\game\Debug\g_utils.sbr
D:\! Programming !\EastFront\trunk\src\game\Debug\g_vote.obj
D:\! Programming !\EastFront\trunk\src\game\Debug\g_vote.sbr
D:\! Programming !\EastFront\trunk\src\game\Debug\g_weapon.obj
D:\! Programming !\EastFront\trunk\src\game\Debug\g_weapon.sbr
D:\! Programming !\EastFront\trunk\src\game\Debug\g_xpsave.obj
D:\! Programming !\EastFront\trunk\src\game\Debug\g_xpsave.sbr
D:\! Programming !\EastFront\trunk\src\game\Debug\game.write.1.tlog
D:\! Programming !\EastFront\trunk\src\game\Debug\link.command.1.tlog
D:\! Programming !\EastFront\trunk\src\game\Debug\link.read.1.tlog
D:\! Programming !\EastFront\trunk\src\game\Debug\link.write.1.tlog
D:\! Programming !\EastFront\trunk\src\game\Debug\mt.command.1.tlog
D:\! Programming !\EastFront\trunk\src\game\Debug\mt.read.1.tlog
D:\! Programming !\EastFront\trunk\src\game\Debug\mt.write.1.tlog
D:\! Programming !\EastFront\trunk\src\game\Debug\npc_ai.obj
D:\! Programming !\EastFront\trunk\src\game\Debug\npc_ai.sbr
D:\! Programming !\EastFront\trunk\src\game\Debug\npc_air_vehicle.obj
D:\! Programming !\EastFront\trunk\src\game\Debug\npc_air_vehicle.sbr
D:\! Programming !\EastFront\trunk\src\game\Debug\npc_humanoid.obj
D:\! Programming !\EastFront\trunk\src\game\Debug\npc_humanoid.sbr
D:\! Programming !\EastFront\trunk\src\game\Debug\om_flagsys.obj
D:\! Programming !\EastFront\trunk\src\game\Debug\om_flagsys.sbr
D:\! Programming !\EastFront\trunk\src\game\Debug\om_spawnsys.obj
D:\! Programming !\EastFront\trunk\src\game\Debug\om_spawnsys.sbr
D:\! Programming !\EastFront\trunk\src\game\Debug\q_math.obj
D:\! Programming !\EastFront\trunk\src\game\Debug\q_math.sbr
D:\! Programming !\EastFront\trunk\src\game\Debug\q_shared.obj
D:\! Programming !\EastFront\trunk\src\game\Debug\q_shared.sbr
D:\! Programming !\EastFront\trunk\src\game\Debug\unique_ai.obj
D:\! Programming !\EastFront\trunk\src\game\Debug\unique_ai.sbr
D:\! Programming !\EastFront\trunk\src\game\Debug\unique_attack.obj
D:\! Programming !\EastFront\trunk\src\game\Debug\unique_attack.sbr
D:\! Programming !\EastFront\trunk\src\game\Debug\unique_autowaypoint.obj
D:\! Programming !\EastFront\trunk\src\game\Debug\unique_autowaypoint.sbr
D:\! Programming !\EastFront\trunk\src\game\Debug\unique_coverspots.obj
D:\! Programming !\EastFront\trunk\src\game\Debug\unique_coverspots.sbr
D:\! Programming !\EastFront\trunk\src\game\Debug\unique_fireteam_ai.obj
D:\! Programming !\EastFront\trunk\src\game\Debug\unique_fireteam_ai.sbr
D:\! Programming !\EastFront\trunk\src\game\Debug\unique_goal.obj
D:\! Programming !\EastFront\trunk\src\game\Debug\unique_goal.sbr
D:\! Programming !\EastFront\trunk\src\game\Debug\unique_items.obj
D:\! Programming !\EastFront\trunk\src\game\Debug\unique_items.sbr
D:\! Programming !\EastFront\trunk\src\game\Debug\unique_mapping.obj
D:\! Programming !\EastFront\trunk\src\game\Debug\unique_mapping.sbr
D:\! Programming !\EastFront\trunk\src\game\Debug\unique_mem.obj
D:\! Programming !\EastFront\trunk\src\game\Debug\unique_mem.sbr
D:\! Programming !\EastFront\trunk\src\game\Debug\unique_movement.obj
D:\! Programming !\EastFront\trunk\src\game\Debug\unique_movement.sbr
D:\! Programming !\EastFront\trunk\src\game\Debug\unique_navigation.obj
D:\! Programming !\EastFront\trunk\src\game\Debug\unique_navigation.sbr
D:\! Programming !\EastFront\trunk\src\game\Debug\unique_nodes.obj
D:\! Programming !\EastFront\trunk\src\game\Debug\unique_nodes.sbr
D:\! Programming !\EastFront\trunk\src\game\Debug\unique_sp_movement.obj
D:\! Programming !\EastFront\trunk\src\game\Debug\unique_sp_movement.sbr
D:\! Programming !\EastFront\trunk\src\game\Debug\unique_spawn.obj
D:\! Programming !\EastFront\trunk\src\game\Debug\unique_spawn.sbr
D:\! Programming !\EastFront\trunk\src\game\Debug\unique_utils.obj
D:\! Programming !\EastFront\trunk\src\game\Debug\unique_utils.sbr
D:\! Programming !\EastFront\trunk\src\game\Debug\unique_vehicle_ai.obj
D:\! Programming !\EastFront\trunk\src\game\Debug\unique_vehicle_ai.sbr
D:\! Programming !\EastFront\trunk\src\game\Debug\unique_visibility.obj
D:\! Programming !\EastFront\trunk\src\game\Debug\unique_visibility.sbr
D:\! Programming !\EastFront\trunk\src\game\Debug\vc100.idb
D:\PROGRAMMING\EASTFRONT\TRUNK\SRC\DEBUG\QAGAME_MP_X86.DLL
D:\PROGRAMMING\EASTFRONT\TRUNK\SRC\DEBUG\QAGAME_MP_X86.MAP
D:\PROGRAMMING\EASTFRONT\TRUNK\SRC\DEBUG\QAGAME_MP_X86.PDB
D:\PROGRAMMING\EASTFRONT\TRUNK\SRC\GAME\DEBUG\GAME.BSC
D:\PROGRAMMING\EASTFRONT\TRUNK\SRC\GAME\DEBUG\GAME.DLL.INTERMEDIATE.MANIFEST
D:\Programming\EastFront\trunk\src\game\Debug\qagame_mp_x86.exp
D:\Programming\EastFront\trunk\src\game\Debug\qagame_mp_x86.lib
D:\PROGRAMMING\EASTFRONT\TRUNK\SRC\GAME\DEBUG\VC100.PDB
